Starting AliyunOSSConfigConstantTest on DESKTOP-DF8JDRC with PID 11868 (started by InTheBloodHorse in E:\Java\spingboot\file)
No active profile set, falling back to default profiles: default
Initializing ExecutorService 'applicationTaskExecutor'
Started AliyunOSSConfigConstantTest in 5.623 seconds (JVM running for 7.439)
Shutting down ExecutorService 'applicationTaskExecutor'
Starting AliyunOSSConfigConstantTest on DESKTOP-DF8JDRC with PID 12180 (started by InTheBloodHorse in E:\Java\spingboot\file)
No active profile set, falling back to default profiles: default
Initializing ExecutorService 'applicationTaskExecutor'
Started AliyunOSSConfigConstantTest in 6.195 seconds (JVM running for 8.293)
Shutting down ExecutorService 'applicationTaskExecutor'
Starting AliyunOSSConfigConstantTest on DESKTOP-DF8JDRC with PID 9644 (started by InTheBloodHorse in E:\Java\spingboot\file)
No active profile set, falling back to default profiles: default
Initializing ExecutorService 'applicationTaskExecutor'
Started AliyunOSSConfigConstantTest in 4.84 seconds (JVM running for 7.241)
Shutting down ExecutorService 'applicationTaskExecutor'
Starting AliyunOSSConfigConstantTest on DESKTOP-DF8JDRC with PID 11352 (started by InTheBloodHorse in E:\Java\spingboot\file)
No active profile set, falling back to default profiles: default
Initializing ExecutorService 'applicationTaskExecutor'
Started AliyunOSSConfigConstantTest in 5.715 seconds (JVM running for 7.573)
Shutting down ExecutorService 'applicationTaskExecutor'
Starting AliyunOSSConfigConstantTest on DESKTOP-DF8JDRC with PID 11492 (started by InTheBloodHorse in E:\Java\spingboot\file)
No active profile set, falling back to default profiles: default
Initializing ExecutorService 'applicationTaskExecutor'
Started AliyunOSSConfigConstantTest in 6.69 seconds (JVM running for 8.448)
Shutting down ExecutorService 'applicationTaskExecutor'
Starting AliyunOSSConfigConstantTest on DESKTOP-DF8JDRC with PID 1592 (started by InTheBloodHorse in E:\Java\spingboot\file)
No active profile set, falling back to default profiles: default
Initializing ExecutorService 'applicationTaskExecutor'
Started AliyunOSSConfigConstantTest in 5.703 seconds (JVM running for 7.893)
Shutting down ExecutorService 'applicationTaskExecutor'
Starting AliyunOSSConfigConstantTest on DESKTOP-DF8JDRC with PID 656 (started by InTheBloodHorse in E:\Java\spingboot\file)
No active profile set, falling back to default profiles: default
Initializing ExecutorService 'applicationTaskExecutor'
Started AliyunOSSConfigConstantTest in 5.451 seconds (JVM running for 7.5)
Shutting down ExecutorService 'applicationTaskExecutor'
Starting AliyunOSSConfigConstantTest on DESKTOP-DF8JDRC with PID 13120 (started by InTheBloodHorse in E:\Java\spingboot\file)
No active profile set, falling back to default profiles: default
Initializing ExecutorService 'applicationTaskExecutor'
Started AliyunOSSConfigConstantTest in 5.595 seconds (JVM running for 7.654)
Shutting down ExecutorService 'applicationTaskExecutor'
Starting AliyunOSSConfigConstantTest on DESKTOP-DF8JDRC with PID 6972 (started by InTheBloodHorse in E:\Java\spingboot\file)
No active profile set, falling back to default profiles: default
Initializing ExecutorService 'applicationTaskExecutor'
Started AliyunOSSConfigConstantTest in 5.529 seconds (JVM running for 7.613)
Shutting down ExecutorService 'applicationTaskExecutor'
Starting AliyunOSSConfigConstantTest on DESKTOP-DF8JDRC with PID 4300 (started by InTheBloodHorse in E:\Java\spingboot\file)
No active profile set, falling back to default profiles: default
Initializing ExecutorService 'applicationTaskExecutor'
Started AliyunOSSConfigConstantTest in 4.987 seconds (JVM running for 6.738)
Shutting down ExecutorService 'applicationTaskExecutor'
Starting AliyunOSSConfigConstantTest on DESKTOP-DF8JDRC with PID 12076 (started by InTheBloodHorse in E:\Java\spingboot\file)
No active profile set, falling back to default profiles: default
Initializing ExecutorService 'applicationTaskExecutor'
Started AliyunOSSConfigConstantTest in 5.295 seconds (JVM running for 6.978)
Shutting down ExecutorService 'applicationTaskExecutor'
Starting AliyunOSSConfigConstantTest on DESKTOP-DF8JDRC with PID 13332 (started by InTheBloodHorse in E:\Java\spingboot\file)
No active profile set, falling back to default profiles: default
Initializing ExecutorService 'applicationTaskExecutor'
Started AliyunOSSConfigConstantTest in 5.981 seconds (JVM running for 7.861)
Shutting down ExecutorService 'applicationTaskExecutor'
Starting AliyunOSSConfigConstantTest on DESKTOP-DF8JDRC with PID 5344 (started by InTheBloodHorse in E:\Java\spingboot\file)
No active profile set, falling back to default profiles: default
Initializing ExecutorService 'applicationTaskExecutor'
Started AliyunOSSConfigConstantTest in 5.434 seconds (JVM running for 7.547)
Shutting down ExecutorService 'applicationTaskExecutor'
Starting AliyunOSSConfigConstantTest on DESKTOP-DF8JDRC with PID 1180 (started by InTheBloodHorse in E:\Java\spingboot\file)
No active profile set, falling back to default profiles: default
Initializing ExecutorService 'applicationTaskExecutor'
Started AliyunOSSConfigConstantTest in 4.821 seconds (JVM running for 6.773)
Shutting down ExecutorService 'applicationTaskExecutor'
Starting AliyunOSSConfigConstantTest on DESKTOP-DF8JDRC with PID 6080 (started by InTheBloodHorse in E:\Java\spingboot\file)
No active profile set, falling back to default profiles: default
Initializing ExecutorService 'applicationTaskExecutor'
Started AliyunOSSConfigConstantTest in 4.873 seconds (JVM running for 7.155)
Shutting down ExecutorService 'applicationTaskExecutor'
Starting AliyunOSSConfigConstantTest on DESKTOP-DF8JDRC with PID 2340 (started by InTheBloodHorse in E:\Java\spingboot\file)
No active profile set, falling back to default profiles: default
Initializing ExecutorService 'applicationTaskExecutor'
Started AliyunOSSConfigConstantTest in 5.638 seconds (JVM running for 7.531)
Shutting down ExecutorService 'applicationTaskExecutor'
Starting AliyunOSSConfigConstantTest on DESKTOP-DF8JDRC with PID 11196 (started by InTheBloodHorse in E:\Java\spingboot\file)
No active profile set, falling back to default profiles: default
Initializing ExecutorService 'applicationTaskExecutor'
Started AliyunOSSConfigConstantTest in 5.206 seconds (JVM running for 7.039)
Shutting down ExecutorService 'applicationTaskExecutor'
Starting FileApplication on DESKTOP-DF8JDRC with PID 13960 (E:\Java\spingboot\file\target\classes started by InTheBloodHorse in E:\Java\spingboot\file)
No active profile set, falling back to default profiles: default
Tomcat initialized with port(s): 8080 (http)
Initializing ProtocolHandler ["http-nio-8080"]
Starting service [Tomcat]
Starting Servlet Engine: Apache Tomcat/9.0.13
The APR based Apache Tomcat Native library which allows optimal performance in production environments was not found on the java.library.path: [C:\Program Files\Java\jdk1.8.0_181\bin;C:\WINDOWS\Sun\Java\bin;C:\WINDOWS\system32;C:\WINDOWS;D:\app\InTheBloodHorse\product\11.2.0\dbhome_1\bin;C:\Program Files (x86)\Common Files\Oracle\Java\javapath;C:\Windows\system32;C:\Windows;C:\Windows\System32\Wbem;C:\Windows\System32\WindowsPowerShell\v1.0\;E:\Python3.6.4;E:\mysql-5.7.21-winx64\bin;C:\Program Files (x86)\Windows Kits\8.1\Windows Performance Toolkit\;E:\Git\cmd;C:\Program Files (x86)\NVIDIA Corporation\PhysX\Common;E:\MongoDB\bin;E:\phantomjs-2.1.1-windows\bin;C:\Program Files (x86)\Google\Chrome\Application\;C:\WINDOWS\system32;C:\WINDOWS;C:\WINDOWS\System32\Wbem;C:\WINDOWS\System32\WindowsPowerShell\v1.0\;E:\positivePy\positive;C:\Users\InTheBloodHorse\.dnx\bin;C:\Program Files\Microsoft DNX\Dnvm\;C:\Program Files\Microsoft SQL Server\130\Tools\Binn\;E:\node\;E:\Redis\;E:\XAMPP\php;C:\ProgramData\ComposerSetup\bin;E:\Java\apache-maven-3.5.4\bin\;C:\Program Files (x86)\Pandoc\;C:\Program Files\NVIDIA Corporation\NVIDIA NvDLISR;E:\Python3.6.4\Scripts\;E:\Python3.6.4\;D:\Bandizip\;E:\mysql-5.7.21-winx64\bin\;C:\Users\InTheBloodHorse\AppData\Local\Microsoft\WindowsApps;E:\positivePy\positive;C:\Users\InTheBloodHorse\AppData\Local\GitHubDesktop\bin;e:\node\node_global;;E:\Fiddler;C:\Users\InTheBloodHorse\AppData\Roaming\Composer\vendor\bin;.]
Initializing Spring embedded WebApplicationContext
Root WebApplicationContext: initialization completed in 2130 ms
Initializing ExecutorService 'applicationTaskExecutor'
Starting ProtocolHandler ["http-nio-8080"]
Using a shared selector for servlet write/read
Tomcat started on port(s): 8080 (http) with context path ''
Started FileApplication in 4.311 seconds (JVM running for 7.997)
Initializing Spring DispatcherServlet 'dispatcherServlet'
Initializing Servlet 'dispatcherServlet'
Completed initialization in 24 ms
Starting FileApplication on DESKTOP-DF8JDRC with PID 1880 (E:\Java\spingboot\file\target\classes started by InTheBloodHorse in E:\Java\spingboot\file)
No active profile set, falling back to default profiles: default
Tomcat initialized with port(s): 8080 (http)
Initializing ProtocolHandler ["http-nio-8080"]
Starting service [Tomcat]
Starting Servlet Engine: Apache Tomcat/9.0.13
The APR based Apache Tomcat Native library which allows optimal performance in production environments was not found on the java.library.path: [C:\Program Files\Java\jdk1.8.0_181\bin;C:\WINDOWS\Sun\Java\bin;C:\WINDOWS\system32;C:\WINDOWS;D:\app\InTheBloodHorse\product\11.2.0\dbhome_1\bin;C:\Program Files (x86)\Common Files\Oracle\Java\javapath;C:\Windows\system32;C:\Windows;C:\Windows\System32\Wbem;C:\Windows\System32\WindowsPowerShell\v1.0\;E:\Python3.6.4;E:\mysql-5.7.21-winx64\bin;C:\Program Files (x86)\Windows Kits\8.1\Windows Performance Toolkit\;E:\Git\cmd;C:\Program Files (x86)\NVIDIA Corporation\PhysX\Common;E:\MongoDB\bin;E:\phantomjs-2.1.1-windows\bin;C:\Program Files (x86)\Google\Chrome\Application\;C:\WINDOWS\system32;C:\WINDOWS;C:\WINDOWS\System32\Wbem;C:\WINDOWS\System32\WindowsPowerShell\v1.0\;E:\positivePy\positive;C:\Users\InTheBloodHorse\.dnx\bin;C:\Program Files\Microsoft DNX\Dnvm\;C:\Program Files\Microsoft SQL Server\130\Tools\Binn\;E:\node\;E:\Redis\;E:\XAMPP\php;C:\ProgramData\ComposerSetup\bin;E:\Java\apache-maven-3.5.4\bin\;C:\Program Files (x86)\Pandoc\;C:\Program Files\NVIDIA Corporation\NVIDIA NvDLISR;E:\Python3.6.4\Scripts\;E:\Python3.6.4\;D:\Bandizip\;E:\mysql-5.7.21-winx64\bin\;C:\Users\InTheBloodHorse\AppData\Local\Microsoft\WindowsApps;E:\positivePy\positive;C:\Users\InTheBloodHorse\AppData\Local\GitHubDesktop\bin;e:\node\node_global;;E:\Fiddler;C:\Users\InTheBloodHorse\AppData\Roaming\Composer\vendor\bin;.]
Initializing Spring embedded WebApplicationContext
Root WebApplicationContext: initialization completed in 2776 ms
Initializing ExecutorService 'applicationTaskExecutor'
Starting ProtocolHandler ["http-nio-8080"]
Using a shared selector for servlet write/read
Tomcat started on port(s): 8080 (http) with context path ''
Started FileApplication in 5.062 seconds (JVM running for 6.897)
Initializing Spring DispatcherServlet 'dispatcherServlet'
Initializing Servlet 'dispatcherServlet'
Completed initialization in 10 ms
Starting FileApplication on DESKTOP-DF8JDRC with PID 5280 (E:\Java\spingboot\file\target\classes started by InTheBloodHorse in E:\Java\spingboot\file)
No active profile set, falling back to default profiles: default
Exception encountered during context initialization - cancelling refresh attempt: org.springframework.context.ApplicationContextException: Unable to start web server; nested exception is org.springframework.beans.factory.BeanCreationException: Error creating bean with name 'tomcatServletWebServerFactory' defined in class path resource [org/springframework/boot/autoconfigure/web/servlet/ServletWebServerFactoryConfiguration$EmbeddedTomcat.class]: Initialization of bean failed; nested exception is org.springframework.beans.factory.UnsatisfiedDependencyException: Error creating bean with name 'org.springframework.boot.autoconfigure.web.servlet.error.ErrorMvcAutoConfiguration': Unsatisfied dependency expressed through constructor parameter 1; nested exception is org.springframework.beans.factory.BeanCreationException: Error creating bean with name 'org.springframework.boot.autoconfigure.web.servlet.DispatcherServletAutoConfiguration$DispatcherServletRegistrationConfiguration': Bean instantiation via constructor failed; nested exception is org.springframework.beans.BeanInstantiationException: Failed to instantiate [org.springframework.boot.autoconfigure.web.servlet.DispatcherServletAutoConfiguration$DispatcherServletRegistrationConfiguration$$EnhancerBySpringCGLIB$$b411b2ea]: Constructor threw exception; nested exception is org.springframework.beans.factory.UnsatisfiedDependencyException: Error creating bean with name 'org.springframework.boot.autoconfigure.web.servlet.MultipartAutoConfiguration': Unsatisfied dependency expressed through constructor parameter 0; nested exception is org.springframework.boot.context.properties.ConfigurationPropertiesBindException: Error creating bean with name 'spring.servlet.multipart-org.springframework.boot.autoconfigure.web.servlet.MultipartProperties': Could not bind properties to 'MultipartProperties' : prefix=spring.servlet.multipart, ignoreInvalidFields=false, ignoreUnknownFields=false; nested exception is org.springframework.boot.context.properties.bind.BindException: Failed to bind properties under 'spring.servlet.multipart.max-file-size' to org.springframework.util.unit.DataSize


Error starting ApplicationContext. To display the conditions report re-run your application with 'debug' enabled.
Starting FileApplication on DESKTOP-DF8JDRC with PID 1780 (E:\Java\spingboot\file\target\classes started by InTheBloodHorse in E:\Java\spingboot\file)
No active profile set, falling back to default profiles: default
Exception encountered during context initialization - cancelling refresh attempt: org.springframework.context.ApplicationContextException: Unable to start web server; nested exception is org.springframework.beans.factory.BeanCreationException: Error creating bean with name 'tomcatServletWebServerFactory' defined in class path resource [org/springframework/boot/autoconfigure/web/servlet/ServletWebServerFactoryConfiguration$EmbeddedTomcat.class]: Initialization of bean failed; nested exception is org.springframework.beans.factory.UnsatisfiedDependencyException: Error creating bean with name 'org.springframework.boot.autoconfigure.web.servlet.error.ErrorMvcAutoConfiguration': Unsatisfied dependency expressed through constructor parameter 1; nested exception is org.springframework.beans.factory.BeanCreationException: Error creating bean with name 'org.springframework.boot.autoconfigure.web.servlet.DispatcherServletAutoConfiguration$DispatcherServletRegistrationConfiguration': Bean instantiation via constructor failed; nested exception is org.springframework.beans.BeanInstantiationException: Failed to instantiate [org.springframework.boot.autoconfigure.web.servlet.DispatcherServletAutoConfiguration$DispatcherServletRegistrationConfiguration$$EnhancerBySpringCGLIB$$fc2c0bee]: Constructor threw exception; nested exception is org.springframework.beans.factory.UnsatisfiedDependencyException: Error creating bean with name 'org.springframework.boot.autoconfigure.web.servlet.MultipartAutoConfiguration': Unsatisfied dependency expressed through constructor parameter 0; nested exception is org.springframework.boot.context.properties.ConfigurationPropertiesBindException: Error creating bean with name 'spring.servlet.multipart-org.springframework.boot.autoconfigure.web.servlet.MultipartProperties': Could not bind properties to 'MultipartProperties' : prefix=spring.servlet.multipart, ignoreInvalidFields=false, ignoreUnknownFields=false; nested exception is org.springframework.boot.context.properties.bind.BindException: Failed to bind properties under 'spring.servlet.multipart.max-file-size' to org.springframework.util.unit.DataSize


Error starting ApplicationContext. To display the conditions report re-run your application with 'debug' enabled.
Starting FileApplication on DESKTOP-DF8JDRC with PID 13624 (E:\Java\spingboot\file\target\classes started by InTheBloodHorse in E:\Java\spingboot\file)
No active profile set, falling back to default profiles: default
Tomcat initialized with port(s): 8080 (http)
Initializing ProtocolHandler ["http-nio-8080"]
Starting service [Tomcat]
Starting Servlet Engine: Apache Tomcat/9.0.13
The APR based Apache Tomcat Native library which allows optimal performance in production environments was not found on the java.library.path: [C:\Program Files\Java\jdk1.8.0_181\bin;C:\WINDOWS\Sun\Java\bin;C:\WINDOWS\system32;C:\WINDOWS;D:\app\InTheBloodHorse\product\11.2.0\dbhome_1\bin;C:\Program Files (x86)\Common Files\Oracle\Java\javapath;C:\Windows\system32;C:\Windows;C:\Windows\System32\Wbem;C:\Windows\System32\WindowsPowerShell\v1.0\;E:\Python3.6.4;E:\mysql-5.7.21-winx64\bin;C:\Program Files (x86)\Windows Kits\8.1\Windows Performance Toolkit\;E:\Git\cmd;C:\Program Files (x86)\NVIDIA Corporation\PhysX\Common;E:\MongoDB\bin;E:\phantomjs-2.1.1-windows\bin;C:\Program Files (x86)\Google\Chrome\Application\;C:\WINDOWS\system32;C:\WINDOWS;C:\WINDOWS\System32\Wbem;C:\WINDOWS\System32\WindowsPowerShell\v1.0\;E:\positivePy\positive;C:\Users\InTheBloodHorse\.dnx\bin;C:\Program Files\Microsoft DNX\Dnvm\;C:\Program Files\Microsoft SQL Server\130\Tools\Binn\;E:\node\;E:\Redis\;E:\XAMPP\php;C:\ProgramData\ComposerSetup\bin;E:\Java\apache-maven-3.5.4\bin\;C:\Program Files (x86)\Pandoc\;C:\Program Files\NVIDIA Corporation\NVIDIA NvDLISR;E:\Python3.6.4\Scripts\;E:\Python3.6.4\;D:\Bandizip\;E:\mysql-5.7.21-winx64\bin\;C:\Users\InTheBloodHorse\AppData\Local\Microsoft\WindowsApps;E:\positivePy\positive;C:\Users\InTheBloodHorse\AppData\Local\GitHubDesktop\bin;e:\node\node_global;;E:\Fiddler;C:\Users\InTheBloodHorse\AppData\Roaming\Composer\vendor\bin;.]
Initializing Spring embedded WebApplicationContext
Root WebApplicationContext: initialization completed in 2406 ms
Initializing ExecutorService 'applicationTaskExecutor'
Starting ProtocolHandler ["http-nio-8080"]
Using a shared selector for servlet write/read
Tomcat started on port(s): 8080 (http) with context path ''
Started FileApplication in 4.448 seconds (JVM running for 6.11)
Initializing Spring DispatcherServlet 'dispatcherServlet'
Initializing Servlet 'dispatcherServlet'
Completed initialization in 10 ms
Starting FileApplication on DESKTOP-DF8JDRC with PID 11548 (E:\Java\spingboot\file\target\classes started by InTheBloodHorse in E:\Java\spingboot\file)
No active profile set, falling back to default profiles: default
Exception encountered during context initialization - cancelling refresh attempt: org.springframework.context.ApplicationContextException: Unable to start web server; nested exception is org.springframework.beans.factory.BeanCreationException: Error creating bean with name 'tomcatServletWebServerFactory' defined in class path resource [org/springframework/boot/autoconfigure/web/servlet/ServletWebServerFactoryConfiguration$EmbeddedTomcat.class]: Initialization of bean failed; nested exception is org.springframework.beans.factory.UnsatisfiedDependencyException: Error creating bean with name 'org.springframework.boot.autoconfigure.web.servlet.error.ErrorMvcAutoConfiguration': Unsatisfied dependency expressed through constructor parameter 1; nested exception is org.springframework.beans.factory.BeanCreationException: Error creating bean with name 'org.springframework.boot.autoconfigure.web.servlet.DispatcherServletAutoConfiguration$DispatcherServletRegistrationConfiguration': Bean instantiation via constructor failed; nested exception is org.springframework.beans.BeanInstantiationException: Failed to instantiate [org.springframework.boot.autoconfigure.web.servlet.DispatcherServletAutoConfiguration$DispatcherServletRegistrationConfiguration$$EnhancerBySpringCGLIB$$7fe3bf23]: Constructor threw exception; nested exception is org.springframework.beans.factory.UnsatisfiedDependencyException: Error creating bean with name 'org.springframework.boot.autoconfigure.web.servlet.MultipartAutoConfiguration': Unsatisfied dependency expressed through constructor parameter 0; nested exception is org.springframework.boot.context.properties.ConfigurationPropertiesBindException: Error creating bean with name 'spring.servlet.multipart-org.springframework.boot.autoconfigure.web.servlet.MultipartProperties': Could not bind properties to 'MultipartProperties' : prefix=spring.servlet.multipart, ignoreInvalidFields=false, ignoreUnknownFields=false; nested exception is org.springframework.boot.context.properties.bind.BindException: Failed to bind properties under 'spring.servlet.multipart.max-file-size' to org.springframework.util.unit.DataSize


Error starting ApplicationContext. To display the conditions report re-run your application with 'debug' enabled.
Starting FileApplication on DESKTOP-DF8JDRC with PID 3068 (E:\Java\spingboot\file\target\classes started by InTheBloodHorse in E:\Java\spingboot\file)
No active profile set, falling back to default profiles: default
Exception encountered during context initialization - cancelling refresh attempt: org.springframework.context.ApplicationContextException: Unable to start web server; nested exception is org.springframework.beans.factory.BeanCreationException: Error creating bean with name 'tomcatServletWebServerFactory' defined in class path resource [org/springframework/boot/autoconfigure/web/servlet/ServletWebServerFactoryConfiguration$EmbeddedTomcat.class]: Initialization of bean failed; nested exception is org.springframework.beans.factory.UnsatisfiedDependencyException: Error creating bean with name 'org.springframework.boot.autoconfigure.web.servlet.error.ErrorMvcAutoConfiguration': Unsatisfied dependency expressed through constructor parameter 1; nested exception is org.springframework.beans.factory.BeanCreationException: Error creating bean with name 'org.springframework.boot.autoconfigure.web.servlet.DispatcherServletAutoConfiguration$DispatcherServletRegistrationConfiguration': Bean instantiation via constructor failed; nested exception is org.springframework.beans.BeanInstantiationException: Failed to instantiate [org.springframework.boot.autoconfigure.web.servlet.DispatcherServletAutoConfiguration$DispatcherServletRegistrationConfiguration$$EnhancerBySpringCGLIB$$b25fe504]: Constructor threw exception; nested exception is org.springframework.beans.factory.UnsatisfiedDependencyException: Error creating bean with name 'org.springframework.boot.autoconfigure.web.servlet.MultipartAutoConfiguration': Unsatisfied dependency expressed through constructor parameter 0; nested exception is org.springframework.boot.context.properties.ConfigurationPropertiesBindException: Error creating bean with name 'spring.servlet.multipart-org.springframework.boot.autoconfigure.web.servlet.MultipartProperties': Could not bind properties to 'MultipartProperties' : prefix=spring.servlet.multipart, ignoreInvalidFields=false, ignoreUnknownFields=false; nested exception is org.springframework.boot.context.properties.bind.BindException: Failed to bind properties under 'spring.servlet.multipart.max-request-size' to org.springframework.util.unit.DataSize


Error starting ApplicationContext. To display the conditions report re-run your application with 'debug' enabled.
Starting FileApplication on DESKTOP-DF8JDRC with PID 6848 (E:\Java\spingboot\file\target\classes started by InTheBloodHorse in E:\Java\spingboot\file)
No active profile set, falling back to default profiles: default
Exception encountered during context initialization - cancelling refresh attempt: org.springframework.context.ApplicationContextException: Unable to start web server; nested exception is org.springframework.beans.factory.BeanCreationException: Error creating bean with name 'tomcatServletWebServerFactory' defined in class path resource [org/springframework/boot/autoconfigure/web/servlet/ServletWebServerFactoryConfiguration$EmbeddedTomcat.class]: Initialization of bean failed; nested exception is org.springframework.beans.factory.UnsatisfiedDependencyException: Error creating bean with name 'org.springframework.boot.autoconfigure.web.servlet.error.ErrorMvcAutoConfiguration': Unsatisfied dependency expressed through constructor parameter 1; nested exception is org.springframework.beans.factory.BeanCreationException: Error creating bean with name 'org.springframework.boot.autoconfigure.web.servlet.DispatcherServletAutoConfiguration$DispatcherServletRegistrationConfiguration': Bean instantiation via constructor failed; nested exception is org.springframework.beans.BeanInstantiationException: Failed to instantiate [org.springframework.boot.autoconfigure.web.servlet.DispatcherServletAutoConfiguration$DispatcherServletRegistrationConfiguration$$EnhancerBySpringCGLIB$$d0d99270]: Constructor threw exception; nested exception is org.springframework.beans.factory.UnsatisfiedDependencyException: Error creating bean with name 'org.springframework.boot.autoconfigure.web.servlet.MultipartAutoConfiguration': Unsatisfied dependency expressed through constructor parameter 0; nested exception is org.springframework.boot.context.properties.ConfigurationPropertiesBindException: Error creating bean with name 'spring.servlet.multipart-org.springframework.boot.autoconfigure.web.servlet.MultipartProperties': Could not bind properties to 'MultipartProperties' : prefix=spring.servlet.multipart, ignoreInvalidFields=false, ignoreUnknownFields=false; nested exception is org.springframework.boot.context.properties.bind.BindException: Failed to bind properties under 'spring.servlet.multipart.max-file-size' to org.springframework.util.unit.DataSize


Error starting ApplicationContext. To display the conditions report re-run your application with 'debug' enabled.
Starting FileApplication on DESKTOP-DF8JDRC with PID 1840 (E:\Java\spingboot\file\target\classes started by InTheBloodHorse in E:\Java\spingboot\file)
No active profile set, falling back to default profiles: default
Exception encountered during context initialization - cancelling refresh attempt: org.springframework.context.ApplicationContextException: Unable to start web server; nested exception is org.springframework.beans.factory.BeanCreationException: Error creating bean with name 'tomcatServletWebServerFactory' defined in class path resource [org/springframework/boot/autoconfigure/web/servlet/ServletWebServerFactoryConfiguration$EmbeddedTomcat.class]: Initialization of bean failed; nested exception is org.springframework.beans.factory.UnsatisfiedDependencyException: Error creating bean with name 'org.springframework.boot.autoconfigure.web.servlet.error.ErrorMvcAutoConfiguration': Unsatisfied dependency expressed through constructor parameter 1; nested exception is org.springframework.beans.factory.BeanCreationException: Error creating bean with name 'org.springframework.boot.autoconfigure.web.servlet.DispatcherServletAutoConfiguration$DispatcherServletRegistrationConfiguration': Bean instantiation via constructor failed; nested exception is org.springframework.beans.BeanInstantiationException: Failed to instantiate [org.springframework.boot.autoconfigure.web.servlet.DispatcherServletAutoConfiguration$DispatcherServletRegistrationConfiguration$$EnhancerBySpringCGLIB$$914dcd21]: Constructor threw exception; nested exception is org.springframework.beans.factory.UnsatisfiedDependencyException: Error creating bean with name 'org.springframework.boot.autoconfigure.web.servlet.MultipartAutoConfiguration': Unsatisfied dependency expressed through constructor parameter 0; nested exception is org.springframework.boot.context.properties.ConfigurationPropertiesBindException: Error creating bean with name 'spring.servlet.multipart-org.springframework.boot.autoconfigure.web.servlet.MultipartProperties': Could not bind properties to 'MultipartProperties' : prefix=spring.servlet.multipart, ignoreInvalidFields=false, ignoreUnknownFields=false; nested exception is org.springframework.boot.context.properties.bind.BindException: Failed to bind properties under 'spring.servlet.multipart.max-file-size' to org.springframework.util.unit.DataSize


Error starting ApplicationContext. To display the conditions report re-run your application with 'debug' enabled.
Starting FileApplication on DESKTOP-DF8JDRC with PID 11724 (E:\Java\spingboot\file\target\classes started by InTheBloodHorse in E:\Java\spingboot\file)
No active profile set, falling back to default profiles: default
Tomcat initialized with port(s): 8080 (http)
Initializing ProtocolHandler ["http-nio-8080"]
Starting service [Tomcat]
Starting Servlet Engine: Apache Tomcat/9.0.13
The APR based Apache Tomcat Native library which allows optimal performance in production environments was not found on the java.library.path: [C:\Program Files\Java\jdk1.8.0_181\bin;C:\WINDOWS\Sun\Java\bin;C:\WINDOWS\system32;C:\WINDOWS;D:\app\InTheBloodHorse\product\11.2.0\dbhome_1\bin;C:\Program Files (x86)\Common Files\Oracle\Java\javapath;C:\Windows\system32;C:\Windows;C:\Windows\System32\Wbem;C:\Windows\System32\WindowsPowerShell\v1.0\;E:\Python3.6.4;E:\mysql-5.7.21-winx64\bin;C:\Program Files (x86)\Windows Kits\8.1\Windows Performance Toolkit\;E:\Git\cmd;C:\Program Files (x86)\NVIDIA Corporation\PhysX\Common;E:\MongoDB\bin;E:\phantomjs-2.1.1-windows\bin;C:\Program Files (x86)\Google\Chrome\Application\;C:\WINDOWS\system32;C:\WINDOWS;C:\WINDOWS\System32\Wbem;C:\WINDOWS\System32\WindowsPowerShell\v1.0\;E:\positivePy\positive;C:\Users\InTheBloodHorse\.dnx\bin;C:\Program Files\Microsoft DNX\Dnvm\;C:\Program Files\Microsoft SQL Server\130\Tools\Binn\;E:\node\;E:\Redis\;E:\XAMPP\php;C:\ProgramData\ComposerSetup\bin;E:\Java\apache-maven-3.5.4\bin\;C:\Program Files (x86)\Pandoc\;C:\Program Files\NVIDIA Corporation\NVIDIA NvDLISR;E:\Python3.6.4\Scripts\;E:\Python3.6.4\;D:\Bandizip\;E:\mysql-5.7.21-winx64\bin\;C:\Users\InTheBloodHorse\AppData\Local\Microsoft\WindowsApps;E:\positivePy\positive;C:\Users\InTheBloodHorse\AppData\Local\GitHubDesktop\bin;e:\node\node_global;;E:\Fiddler;C:\Users\InTheBloodHorse\AppData\Roaming\Composer\vendor\bin;.]
Initializing Spring embedded WebApplicationContext
Root WebApplicationContext: initialization completed in 1959 ms
Initializing ExecutorService 'applicationTaskExecutor'
Starting ProtocolHandler ["http-nio-8080"]
Using a shared selector for servlet write/read
Tomcat started on port(s): 8080 (http) with context path ''
Started FileApplication in 3.322 seconds (JVM running for 4.407)
Starting FileApplication on DESKTOP-DF8JDRC with PID 3208 (E:\Java\spingboot\file\target\classes started by InTheBloodHorse in E:\Java\spingboot\file)
No active profile set, falling back to default profiles: default
Exception encountered during context initialization - cancelling refresh attempt: org.springframework.context.ApplicationContextException: Unable to start web server; nested exception is org.springframework.beans.factory.BeanCreationException: Error creating bean with name 'tomcatServletWebServerFactory' defined in class path resource [org/springframework/boot/autoconfigure/web/servlet/ServletWebServerFactoryConfiguration$EmbeddedTomcat.class]: Initialization of bean failed; nested exception is org.springframework.beans.factory.UnsatisfiedDependencyException: Error creating bean with name 'org.springframework.boot.autoconfigure.web.servlet.error.ErrorMvcAutoConfiguration': Unsatisfied dependency expressed through constructor parameter 1; nested exception is org.springframework.beans.factory.BeanCreationException: Error creating bean with name 'org.springframework.boot.autoconfigure.web.servlet.DispatcherServletAutoConfiguration$DispatcherServletRegistrationConfiguration': Bean instantiation via constructor failed; nested exception is org.springframework.beans.BeanInstantiationException: Failed to instantiate [org.springframework.boot.autoconfigure.web.servlet.DispatcherServletAutoConfiguration$DispatcherServletRegistrationConfiguration$$EnhancerBySpringCGLIB$$e8afbcc4]: Constructor threw exception; nested exception is org.springframework.beans.factory.UnsatisfiedDependencyException: Error creating bean with name 'org.springframework.boot.autoconfigure.web.servlet.MultipartAutoConfiguration': Unsatisfied dependency expressed through constructor parameter 0; nested exception is org.springframework.boot.context.properties.ConfigurationPropertiesBindException: Error creating bean with name 'spring.servlet.multipart-org.springframework.boot.autoconfigure.web.servlet.MultipartProperties': Could not bind properties to 'MultipartProperties' : prefix=spring.servlet.multipart, ignoreInvalidFields=false, ignoreUnknownFields=false; nested exception is org.springframework.boot.context.properties.bind.BindException: Failed to bind properties under 'spring.servlet.multipart.max-file-size' to org.springframework.util.unit.DataSize


Error starting ApplicationContext. To display the conditions report re-run your application with 'debug' enabled.
Starting FileApplication on DESKTOP-DF8JDRC with PID 7000 (E:\Java\spingboot\file\target\classes started by InTheBloodHorse in E:\Java\spingboot\file)
No active profile set, falling back to default profiles: default
Tomcat initialized with port(s): 8080 (http)
Initializing ProtocolHandler ["http-nio-8080"]
Starting service [Tomcat]
Starting Servlet Engine: Apache Tomcat/9.0.13
The APR based Apache Tomcat Native library which allows optimal performance in production environments was not found on the java.library.path: [C:\Program Files\Java\jdk1.8.0_181\bin;C:\WINDOWS\Sun\Java\bin;C:\WINDOWS\system32;C:\WINDOWS;D:\app\InTheBloodHorse\product\11.2.0\dbhome_1\bin;C:\Program Files (x86)\Common Files\Oracle\Java\javapath;C:\Windows\system32;C:\Windows;C:\Windows\System32\Wbem;C:\Windows\System32\WindowsPowerShell\v1.0\;E:\Python3.6.4;E:\mysql-5.7.21-winx64\bin;C:\Program Files (x86)\Windows Kits\8.1\Windows Performance Toolkit\;E:\Git\cmd;C:\Program Files (x86)\NVIDIA Corporation\PhysX\Common;E:\MongoDB\bin;E:\phantomjs-2.1.1-windows\bin;C:\Program Files (x86)\Google\Chrome\Application\;C:\WINDOWS\system32;C:\WINDOWS;C:\WINDOWS\System32\Wbem;C:\WINDOWS\System32\WindowsPowerShell\v1.0\;E:\positivePy\positive;C:\Users\InTheBloodHorse\.dnx\bin;C:\Program Files\Microsoft DNX\Dnvm\;C:\Program Files\Microsoft SQL Server\130\Tools\Binn\;E:\node\;E:\Redis\;E:\XAMPP\php;C:\ProgramData\ComposerSetup\bin;E:\Java\apache-maven-3.5.4\bin\;C:\Program Files (x86)\Pandoc\;C:\Program Files\NVIDIA Corporation\NVIDIA NvDLISR;E:\Python3.6.4\Scripts\;E:\Python3.6.4\;D:\Bandizip\;E:\mysql-5.7.21-winx64\bin\;C:\Users\InTheBloodHorse\AppData\Local\Microsoft\WindowsApps;E:\positivePy\positive;C:\Users\InTheBloodHorse\AppData\Local\GitHubDesktop\bin;e:\node\node_global;;E:\Fiddler;C:\Users\InTheBloodHorse\AppData\Roaming\Composer\vendor\bin;.]
Initializing Spring embedded WebApplicationContext
Root WebApplicationContext: initialization completed in 1898 ms
Initializing ExecutorService 'applicationTaskExecutor'
Starting ProtocolHandler ["http-nio-8080"]
Using a shared selector for servlet write/read
Tomcat started on port(s): 8080 (http) with context path ''
Started FileApplication in 3.753 seconds (JVM running for 5.181)
Initializing Spring DispatcherServlet 'dispatcherServlet'
Initializing Servlet 'dispatcherServlet'
Completed initialization in 11 ms
Starting FileApplication on DESKTOP-DF8JDRC with PID 7092 (E:\Java\spingboot\file\target\classes started by InTheBloodHorse in E:\Java\spingboot\file)
No active profile set, falling back to default profiles: default
Tomcat initialized with port(s): 8080 (http)
Initializing ProtocolHandler ["http-nio-8080"]
Starting service [Tomcat]
Starting Servlet Engine: Apache Tomcat/9.0.13
The APR based Apache Tomcat Native library which allows optimal performance in production environments was not found on the java.library.path: [C:\Program Files\Java\jdk1.8.0_181\bin;C:\WINDOWS\Sun\Java\bin;C:\WINDOWS\system32;C:\WINDOWS;D:\app\InTheBloodHorse\product\11.2.0\dbhome_1\bin;C:\Program Files (x86)\Common Files\Oracle\Java\javapath;C:\Windows\system32;C:\Windows;C:\Windows\System32\Wbem;C:\Windows\System32\WindowsPowerShell\v1.0\;E:\Python3.6.4;E:\mysql-5.7.21-winx64\bin;C:\Program Files (x86)\Windows Kits\8.1\Windows Performance Toolkit\;E:\Git\cmd;C:\Program Files (x86)\NVIDIA Corporation\PhysX\Common;E:\MongoDB\bin;E:\phantomjs-2.1.1-windows\bin;C:\Program Files (x86)\Google\Chrome\Application\;C:\WINDOWS\system32;C:\WINDOWS;C:\WINDOWS\System32\Wbem;C:\WINDOWS\System32\WindowsPowerShell\v1.0\;E:\positivePy\positive;C:\Users\InTheBloodHorse\.dnx\bin;C:\Program Files\Microsoft DNX\Dnvm\;C:\Program Files\Microsoft SQL Server\130\Tools\Binn\;E:\node\;E:\Redis\;E:\XAMPP\php;C:\ProgramData\ComposerSetup\bin;E:\Java\apache-maven-3.5.4\bin\;C:\Program Files (x86)\Pandoc\;C:\Program Files\NVIDIA Corporation\NVIDIA NvDLISR;E:\Python3.6.4\Scripts\;E:\Python3.6.4\;D:\Bandizip\;E:\mysql-5.7.21-winx64\bin\;C:\Users\InTheBloodHorse\AppData\Local\Microsoft\WindowsApps;E:\positivePy\positive;C:\Users\InTheBloodHorse\AppData\Local\GitHubDesktop\bin;e:\node\node_global;;E:\Fiddler;C:\Users\InTheBloodHorse\AppData\Roaming\Composer\vendor\bin;.]
Initializing Spring embedded WebApplicationContext
Root WebApplicationContext: initialization completed in 3242 ms
Initializing ExecutorService 'applicationTaskExecutor'
Starting ProtocolHandler ["http-nio-8080"]
Using a shared selector for servlet write/read
Tomcat started on port(s): 8080 (http) with context path ''
Started FileApplication in 4.837 seconds (JVM running for 6.043)
Starting FileApplication on DESKTOP-DF8JDRC with PID 7636 (E:\Java\spingboot\file\target\classes started by InTheBloodHorse in E:\Java\spingboot\file)
No active profile set, falling back to default profiles: default
Tomcat initialized with port(s): 8080 (http)
Initializing ProtocolHandler ["http-nio-8080"]
Starting service [Tomcat]
Starting Servlet Engine: Apache Tomcat/9.0.13
The APR based Apache Tomcat Native library which allows optimal performance in production environments was not found on the java.library.path: [C:\Program Files\Java\jdk1.8.0_181\bin;C:\WINDOWS\Sun\Java\bin;C:\WINDOWS\system32;C:\WINDOWS;D:\app\InTheBloodHorse\product\11.2.0\dbhome_1\bin;C:\Program Files (x86)\Common Files\Oracle\Java\javapath;C:\Windows\system32;C:\Windows;C:\Windows\System32\Wbem;C:\Windows\System32\WindowsPowerShell\v1.0\;E:\Python3.6.4;E:\mysql-5.7.21-winx64\bin;C:\Program Files (x86)\Windows Kits\8.1\Windows Performance Toolkit\;E:\Git\cmd;C:\Program Files (x86)\NVIDIA Corporation\PhysX\Common;E:\MongoDB\bin;E:\phantomjs-2.1.1-windows\bin;C:\Program Files (x86)\Google\Chrome\Application\;C:\WINDOWS\system32;C:\WINDOWS;C:\WINDOWS\System32\Wbem;C:\WINDOWS\System32\WindowsPowerShell\v1.0\;E:\positivePy\positive;C:\Users\InTheBloodHorse\.dnx\bin;C:\Program Files\Microsoft DNX\Dnvm\;C:\Program Files\Microsoft SQL Server\130\Tools\Binn\;E:\node\;E:\Redis\;E:\XAMPP\php;C:\ProgramData\ComposerSetup\bin;E:\Java\apache-maven-3.5.4\bin\;C:\Program Files (x86)\Pandoc\;C:\Program Files\NVIDIA Corporation\NVIDIA NvDLISR;E:\Python3.6.4\Scripts\;E:\Python3.6.4\;D:\Bandizip\;E:\mysql-5.7.21-winx64\bin\;C:\Users\InTheBloodHorse\AppData\Local\Microsoft\WindowsApps;E:\positivePy\positive;C:\Users\InTheBloodHorse\AppData\Local\GitHubDesktop\bin;e:\node\node_global;;E:\Fiddler;C:\Users\InTheBloodHorse\AppData\Roaming\Composer\vendor\bin;.]
Initializing Spring embedded WebApplicationContext
Root WebApplicationContext: initialization completed in 1748 ms
Initializing ExecutorService 'applicationTaskExecutor'
Starting ProtocolHandler ["http-nio-8080"]
Using a shared selector for servlet write/read
Tomcat started on port(s): 8080 (http) with context path ''
Started FileApplication in 3.137 seconds (JVM running for 4.349)
Initializing Spring DispatcherServlet 'dispatcherServlet'
Initializing Servlet 'dispatcherServlet'
Completed initialization in 7 ms
Starting FileApplication on DESKTOP-DF8JDRC with PID 392 (E:\Java\spingboot\file\target\classes started by InTheBloodHorse in E:\Java\spingboot\file)
No active profile set, falling back to default profiles: default
Tomcat initialized with port(s): 8080 (http)
Initializing ProtocolHandler ["http-nio-8080"]
Starting service [Tomcat]
Starting Servlet Engine: Apache Tomcat/9.0.13
The APR based Apache Tomcat Native library which allows optimal performance in production environments was not found on the java.library.path: [C:\Program Files\Java\jdk1.8.0_181\bin;C:\WINDOWS\Sun\Java\bin;C:\WINDOWS\system32;C:\WINDOWS;D:\app\InTheBloodHorse\product\11.2.0\dbhome_1\bin;C:\Program Files (x86)\Common Files\Oracle\Java\javapath;C:\Windows\system32;C:\Windows;C:\Windows\System32\Wbem;C:\Windows\System32\WindowsPowerShell\v1.0\;E:\Python3.6.4;E:\mysql-5.7.21-winx64\bin;C:\Program Files (x86)\Windows Kits\8.1\Windows Performance Toolkit\;E:\Git\cmd;C:\Program Files (x86)\NVIDIA Corporation\PhysX\Common;E:\MongoDB\bin;E:\phantomjs-2.1.1-windows\bin;C:\Program Files (x86)\Google\Chrome\Application\;C:\WINDOWS\system32;C:\WINDOWS;C:\WINDOWS\System32\Wbem;C:\WINDOWS\System32\WindowsPowerShell\v1.0\;E:\positivePy\positive;C:\Users\InTheBloodHorse\.dnx\bin;C:\Program Files\Microsoft DNX\Dnvm\;C:\Program Files\Microsoft SQL Server\130\Tools\Binn\;E:\node\;E:\Redis\;E:\XAMPP\php;C:\ProgramData\ComposerSetup\bin;E:\Java\apache-maven-3.5.4\bin\;C:\Program Files (x86)\Pandoc\;C:\Program Files\NVIDIA Corporation\NVIDIA NvDLISR;E:\Python3.6.4\Scripts\;E:\Python3.6.4\;D:\Bandizip\;E:\mysql-5.7.21-winx64\bin\;C:\Users\InTheBloodHorse\AppData\Local\Microsoft\WindowsApps;E:\positivePy\positive;C:\Users\InTheBloodHorse\AppData\Local\GitHubDesktop\bin;e:\node\node_global;;E:\Fiddler;C:\Users\InTheBloodHorse\AppData\Roaming\Composer\vendor\bin;.]
Initializing Spring embedded WebApplicationContext
Root WebApplicationContext: initialization completed in 1691 ms
Initializing ExecutorService 'applicationTaskExecutor'
Starting ProtocolHandler ["http-nio-8080"]
Using a shared selector for servlet write/read
Tomcat started on port(s): 8080 (http) with context path ''
Started FileApplication in 3.249 seconds (JVM running for 4.298)
Initializing Spring DispatcherServlet 'dispatcherServlet'
Initializing Servlet 'dispatcherServlet'
Completed initialization in 7 ms
Starting FileApplication on DESKTOP-DF8JDRC with PID 10688 (E:\Java\spingboot\file\target\classes started by InTheBloodHorse in E:\Java\spingboot\file)
No active profile set, falling back to default profiles: default
Tomcat initialized with port(s): 8080 (http)
Initializing ProtocolHandler ["http-nio-8080"]
Starting service [Tomcat]
Starting Servlet Engine: Apache Tomcat/9.0.13
The APR based Apache Tomcat Native library which allows optimal performance in production environments was not found on the java.library.path: [C:\Program Files\Java\jdk1.8.0_181\bin;C:\WINDOWS\Sun\Java\bin;C:\WINDOWS\system32;C:\WINDOWS;D:\app\InTheBloodHorse\product\11.2.0\dbhome_1\bin;C:\Program Files (x86)\Common Files\Oracle\Java\javapath;C:\Windows\system32;C:\Windows;C:\Windows\System32\Wbem;C:\Windows\System32\WindowsPowerShell\v1.0\;E:\Python3.6.4;E:\mysql-5.7.21-winx64\bin;C:\Program Files (x86)\Windows Kits\8.1\Windows Performance Toolkit\;E:\Git\cmd;C:\Program Files (x86)\NVIDIA Corporation\PhysX\Common;E:\MongoDB\bin;E:\phantomjs-2.1.1-windows\bin;C:\Program Files (x86)\Google\Chrome\Application\;C:\WINDOWS\system32;C:\WINDOWS;C:\WINDOWS\System32\Wbem;C:\WINDOWS\System32\WindowsPowerShell\v1.0\;E:\positivePy\positive;C:\Users\InTheBloodHorse\.dnx\bin;C:\Program Files\Microsoft DNX\Dnvm\;C:\Program Files\Microsoft SQL Server\130\Tools\Binn\;E:\node\;E:\Redis\;E:\XAMPP\php;C:\ProgramData\ComposerSetup\bin;E:\Java\apache-maven-3.5.4\bin\;C:\Program Files (x86)\Pandoc\;C:\Program Files\NVIDIA Corporation\NVIDIA NvDLISR;E:\Python3.6.4\Scripts\;E:\Python3.6.4\;D:\Bandizip\;E:\mysql-5.7.21-winx64\bin\;C:\Users\InTheBloodHorse\AppData\Local\Microsoft\WindowsApps;E:\positivePy\positive;C:\Users\InTheBloodHorse\AppData\Local\GitHubDesktop\bin;e:\node\node_global;;E:\Fiddler;C:\Users\InTheBloodHorse\AppData\Roaming\Composer\vendor\bin;.]
Initializing Spring embedded WebApplicationContext
Root WebApplicationContext: initialization completed in 1842 ms
Initializing ExecutorService 'applicationTaskExecutor'
Starting ProtocolHandler ["http-nio-8080"]
Using a shared selector for servlet write/read
Tomcat started on port(s): 8080 (http) with context path ''
Started FileApplication in 3.913 seconds (JVM running for 5.351)
Initializing Spring DispatcherServlet 'dispatcherServlet'
Initializing Servlet 'dispatcherServlet'
Completed initialization in 10 ms
Starting FileApplication on DESKTOP-DF8JDRC with PID 11596 (E:\Java\spingboot\file\target\classes started by InTheBloodHorse in E:\Java\spingboot\file)
No active profile set, falling back to default profiles: default
Tomcat initialized with port(s): 8080 (http)
Initializing ProtocolHandler ["http-nio-8080"]
Starting service [Tomcat]
Starting Servlet Engine: Apache Tomcat/9.0.13
The APR based Apache Tomcat Native library which allows optimal performance in production environments was not found on the java.library.path: [C:\Program Files\Java\jdk1.8.0_181\bin;C:\WINDOWS\Sun\Java\bin;C:\WINDOWS\system32;C:\WINDOWS;D:\app\InTheBloodHorse\product\11.2.0\dbhome_1\bin;C:\Program Files (x86)\Common Files\Oracle\Java\javapath;C:\Windows\system32;C:\Windows;C:\Windows\System32\Wbem;C:\Windows\System32\WindowsPowerShell\v1.0\;E:\Python3.6.4;E:\mysql-5.7.21-winx64\bin;C:\Program Files (x86)\Windows Kits\8.1\Windows Performance Toolkit\;E:\Git\cmd;C:\Program Files (x86)\NVIDIA Corporation\PhysX\Common;E:\MongoDB\bin;E:\phantomjs-2.1.1-windows\bin;C:\Program Files (x86)\Google\Chrome\Application\;C:\WINDOWS\system32;C:\WINDOWS;C:\WINDOWS\System32\Wbem;C:\WINDOWS\System32\WindowsPowerShell\v1.0\;E:\positivePy\positive;C:\Users\InTheBloodHorse\.dnx\bin;C:\Program Files\Microsoft DNX\Dnvm\;C:\Program Files\Microsoft SQL Server\130\Tools\Binn\;E:\node\;E:\Redis\;E:\XAMPP\php;C:\ProgramData\ComposerSetup\bin;E:\Java\apache-maven-3.5.4\bin\;C:\Program Files (x86)\Pandoc\;C:\Program Files\NVIDIA Corporation\NVIDIA NvDLISR;E:\Python3.6.4\Scripts\;E:\Python3.6.4\;D:\Bandizip\;E:\mysql-5.7.21-winx64\bin\;C:\Users\InTheBloodHorse\AppData\Local\Microsoft\WindowsApps;E:\positivePy\positive;C:\Users\InTheBloodHorse\AppData\Local\GitHubDesktop\bin;e:\node\node_global;;E:\Fiddler;C:\Users\InTheBloodHorse\AppData\Roaming\Composer\vendor\bin;.]
Initializing Spring embedded WebApplicationContext
Root WebApplicationContext: initialization completed in 1814 ms
Initializing ExecutorService 'applicationTaskExecutor'
Starting ProtocolHandler ["http-nio-8080"]
Using a shared selector for servlet write/read
Tomcat started on port(s): 8080 (http) with context path ''
Started FileApplication in 3.308 seconds (JVM running for 4.373)
Initializing Spring DispatcherServlet 'dispatcherServlet'
Initializing Servlet 'dispatcherServlet'
Completed initialization in 7 ms
Starting FileApplication on DESKTOP-DF8JDRC with PID 6524 (E:\Java\spingboot\file\target\classes started by InTheBloodHorse in E:\Java\spingboot\file)
No active profile set, falling back to default profiles: default
Tomcat initialized with port(s): 8080 (http)
Initializing ProtocolHandler ["http-nio-0.0.0.0-8080"]
Starting service [Tomcat]
Starting Servlet Engine: Apache Tomcat/9.0.13
The APR based Apache Tomcat Native library which allows optimal performance in production environments was not found on the java.library.path: [C:\Program Files\Java\jdk1.8.0_181\bin;C:\WINDOWS\Sun\Java\bin;C:\WINDOWS\system32;C:\WINDOWS;D:\app\InTheBloodHorse\product\11.2.0\dbhome_1\bin;C:\Program Files (x86)\Common Files\Oracle\Java\javapath;C:\Windows\system32;C:\Windows;C:\Windows\System32\Wbem;C:\Windows\System32\WindowsPowerShell\v1.0\;E:\Python3.6.4;E:\mysql-5.7.21-winx64\bin;C:\Program Files (x86)\Windows Kits\8.1\Windows Performance Toolkit\;E:\Git\cmd;C:\Program Files (x86)\NVIDIA Corporation\PhysX\Common;E:\MongoDB\bin;E:\phantomjs-2.1.1-windows\bin;C:\Program Files (x86)\Google\Chrome\Application\;C:\WINDOWS\system32;C:\WINDOWS;C:\WINDOWS\System32\Wbem;C:\WINDOWS\System32\WindowsPowerShell\v1.0\;E:\positivePy\positive;C:\Users\InTheBloodHorse\.dnx\bin;C:\Program Files\Microsoft DNX\Dnvm\;C:\Program Files\Microsoft SQL Server\130\Tools\Binn\;E:\node\;E:\Redis\;E:\XAMPP\php;C:\ProgramData\ComposerSetup\bin;E:\Java\apache-maven-3.5.4\bin\;C:\Program Files (x86)\Pandoc\;C:\Program Files\NVIDIA Corporation\NVIDIA NvDLISR;E:\Python3.6.4\Scripts\;E:\Python3.6.4\;D:\Bandizip\;E:\mysql-5.7.21-winx64\bin\;C:\Users\InTheBloodHorse\AppData\Local\Microsoft\WindowsApps;E:\positivePy\positive;C:\Users\InTheBloodHorse\AppData\Local\GitHubDesktop\bin;e:\node\node_global;;E:\Fiddler;C:\Users\InTheBloodHorse\AppData\Roaming\Composer\vendor\bin;.]
Initializing Spring embedded WebApplicationContext
Root WebApplicationContext: initialization completed in 1742 ms
Initializing ExecutorService 'applicationTaskExecutor'
Starting ProtocolHandler ["http-nio-0.0.0.0-8080"]
Using a shared selector for servlet write/read
Tomcat started on port(s): 8080 (http) with context path ''
Started FileApplication in 3.161 seconds (JVM running for 4.325)
Initializing Spring DispatcherServlet 'dispatcherServlet'
Initializing Servlet 'dispatcherServlet'
Completed initialization in 8 ms
